<?xml version="1.0" encoding="UTF-8"?>
<!-- Generated by org.testng.reporters.JUnitXMLReporter -->
<testsuite ignored="0" hostname="DESKTOP-DJGBMBG" failures="0" tests="3" name="Default test" time="73.606" errors="0" timestamp="2022-02-13T18:23:54 IST">
  <testcase classname="selenium.lambdatestcases" name="testcase1" time="8.157"/>
  <testcase classname="selenium.lambdatestcases" name="testcase2" time="19.289"/>
  <testcase classname="selenium.lambdatestcases" name="testcase3" time="29.963"/>
</testsuite> <!-- Default test -->
