<?xml version="1.0" encoding="UTF-8"?>
<!-- Generated by org.testng.reporters.JUnitXMLReporter -->
<testsuite ignored="0" hostname="DESKTOP-DJGBMBG" failures="0" tests="3" name="Default test" time="71.416" errors="0" timestamp="2022-02-13T17:33:37 IST">
  <testcase classname="selenium.lambdatestcases" name="testcase1" time="7.807"/>
  <testcase classname="selenium.lambdatestcases" name="testcase2" time="18.927"/>
  <testcase classname="selenium.lambdatestcases" name="testcase3" time="29.332"/>
</testsuite> <!-- Default test -->
