<?xml version="1.0" encoding="UTF-8"?>
<testng-results ignored="0" total="3" passed="3" failed="0" skipped="0">
  <reporter-output>
  </reporter-output>
  <suite started-at="2022-02-13T18:22:41 IST" name="Default suite" finished-at="2022-02-13T18:23:54 IST" duration-ms="73606">
    <groups>
    </groups>
    <test started-at="2022-02-13T18:22:41 IST" name="Default test" finished-at="2022-02-13T18:23:54 IST" duration-ms="73606">
      <class name="selenium.lambdatestcases">
        <test-method is-config="true" signature="startbrowser()[pri:0, instance:selenium.lambdatestcases@65466a6a]" started-at="2022-02-13T18:22:41 IST" name="startbrowser" finished-at="2022-02-13T18:22:46 IST" duration-ms="4906" status="PASS">
          <reporter-output>
          </reporter-output>
        </test-method> <!-- startbrowser -->
        <test-method signature="testcase1()[pri:0, instance:selenium.lambdatestcases@65466a6a]" started-at="2022-02-13T18:22:46 IST" name="testcase1" finished-at="2022-02-13T18:22:54 IST" duration-ms="8157" status="PASS">
          <reporter-output>
          </reporter-output>
        </test-method> <!-- testcase1 -->
        <test-method is-config="true" signature="startbrowser()[pri:0, instance:selenium.lambdatestcases@65466a6a]" started-at="2022-02-13T18:22:54 IST" name="startbrowser" finished-at="2022-02-13T18:23:00 IST" duration-ms="6703" status="PASS">
          <reporter-output>
          </reporter-output>
        </test-method> <!-- startbrowser -->
        <test-method signature="testcase2()[pri:0, instance:selenium.lambdatestcases@65466a6a]" started-at="2022-02-13T18:23:00 IST" name="testcase2" finished-at="2022-02-13T18:23:20 IST" duration-ms="19289" status="PASS">
          <reporter-output>
          </reporter-output>
        </test-method> <!-- testcase2 -->
        <test-method is-config="true" signature="startbrowser()[pri:0, instance:selenium.lambdatestcases@65466a6a]" started-at="2022-02-13T18:23:20 IST" name="startbrowser" finished-at="2022-02-13T18:23:24 IST" duration-ms="4546" status="PASS">
          <reporter-output>
          </reporter-output>
        </test-method> <!-- startbrowser -->
        <test-method signature="testcase3()[pri:0, instance:selenium.lambdatestcases@65466a6a]" started-at="2022-02-13T18:23:24 IST" name="testcase3" finished-at="2022-02-13T18:23:54 IST" duration-ms="29963" status="PASS">
          <reporter-output>
          </reporter-output>
        </test-method> <!-- testcase3 -->
      </class> <!-- selenium.lambdatestcases -->
    </test> <!-- Default test -->
  </suite> <!-- Default suite -->
</testng-results>
