<?xml version="1.0" encoding="UTF-8"?>
<!-- Generated by org.testng.reporters.JUnitXMLReporter -->
<testsuite ignored="0" hostname="DESKTOP-DJGBMBG" failures="0" tests="3" name="TestInChrome" time="166.29" errors="0" timestamp="2022-02-14T21:25:23 IST">
  <testcase classname="selenium.Testng1" name="scenarioOne" time="17.917"/>
  <testcase classname="selenium.Testng1" name="secondScenario" time="37.586"/>
  <testcase classname="selenium.Testng1" name="thirdScenario" time="80.348"/>
</testsuite> <!-- TestInChrome -->
